<?xml version="1.0" encoding="UTF-8"?>
<testsuite xmlns:xsi="http://www.w3.org/2001/XMLSchema-instance" xsi:noNamespaceSchemaLocation="https://maven.apache.org/surefire/maven-surefire-plugin/xsd/surefire-test-report.xsd" name="com.globallogic.mavenprojectone.Testevenodd" time="0.001" tests="2" errors="1" skipped="0" failures="0">
  <properties>
[...]
</properties>
  <testcase name="testexcept" classname="com.globallogic.mavenprojectone.Testevenodd" time="0.001">
    <error message="Unresolved compilation problem: &#10;	The method assertThrows(Class&lt;ArithmeticException&gt;, () -&gt; {}) is undefined for the type Testevenodd&#10;" type="java.lang.Error"><![CDATA[java.lang.Error: 
Unresolved compilation problem: 
	The method assertThrows(Class<ArithmeticException>, () -> {}) is undefined for the type Testevenodd

	at com.globallogic.mavenprojectone.Testevenodd.testexcept(Testevenodd.java:20)
]]></error>
  </testcase>
  <testcase name="checkTDD" classname="com.globallogic.mavenprojectone.Testevenodd" time="0"/>
</testsuite>